<?xml version="1.0" encoding="UTF-8" standalone="no"?>
<!DOCTYPE log SYSTEM "logger.dtd">
<log>
<record>
  <date>2023-06-16T02:00:23.177840300Z</date>
  <millis>1686880823177</millis>
  <nanos>840300</nanos>
  <sequence>0</sequence>
  <logger>itmo.lab6.server.ServerLogger</logger>
  <level>INFO</level>
  <class>itmo.lab6.server.UdpServer</class>
  <method>run</method>
  <thread>1</thread>
  <message>Starting server on port 1611</message>
</record>
<record>
  <date>2023-06-16T02:00:40.936675600Z</date>
  <millis>1686880840936</millis>
  <nanos>675600</nanos>
  <sequence>1</sequence>
  <logger>itmo.lab6.server.ServerLogger</logger>
  <level>INFO</level>
  <class>itmo.lab6.commands.CommandHandler</class>
  <method>handlePacket</method>
  <thread>1</thread>
  <message>Received command INFO from /192.168.98.116:51134</message>
</record>
</log>
